
*** Running vivado
    with args -log circuito.vds -m64 -product Vivado -mode batch -messageDb vivado.pb -notrace -source circuito.tcl



****** Vivado v2024.1 (64-bit)
  **** SW Build 5076996 on Wed May 22 18:37:14 MDT 2024
  **** IP Build 5075265 on Wed May 22 21:45:21 MDT 2024
  **** SharedData Build 5076995 on Wed May 22 18:29:18 MDT 2024
  **** Start of session at: Wed Oct  9 19:01:34 2024
    ** Copyright 1986-2022 Xilinx, Inc. All Rights Reserved.
    ** Copyright 2022-2024 Advanced Micro Devices, Inc. All Rights Reserved.

source circuito.tcl -notrace
create_project: Time (s): cpu = 00:00:02 ; elapsed = 00:00:12 . Memory (MB): peak = 530.414 ; gain = 201.230
Command: read_checkpoint -auto_incremental -incremental {C:/Users/minde/Ambiente de Trabalho/Proj SD/LAB/2/lab_2/lab_2.srcs/utils_1/imports/synth_1/circuito.dcp}
INFO: [Vivado 12-5825] Read reference checkpoint from C:/Users/minde/Ambiente de Trabalho/Proj SD/LAB/2/lab_2/lab_2.srcs/utils_1/imports/synth_1/circuito.dcp for incremental synthesis
INFO: [Vivado 12-7989] Please ensure there are no constraint changes
Command: synth_design -top circuito -part xc7a35tcpg236-1
Starting synth_design
Attempting to get a license for feature 'Synthesis' and/or device 'xc7a35t'
INFO: [Common 17-349] Got license for feature 'Synthesis' and/or device 'xc7a35t'
INFO: [Device 21-403] Loading part xc7a35tcpg236-1
INFO: [Device 21-9227] Part: xc7a35tcpg236-1 does not have CEAM library.
INFO: [Designutils 20-5440] No compile time benefit to using incremental synthesis; A full resynthesis will be run
INFO: [Designutils 20-4379] Flow is switching to default flow due to incremental criteria not met. If you would like to alter this behaviour and have the flow terminate instead, please set the following parameter config_implementation {autoIncr.Synth.RejectBehavior Terminate}
INFO: [Synth 8-7079] Multithreading enabled for synth_design using a maximum of 2 processes.
INFO: [Synth 8-7078] Launching helper process for spawning children vivado processes
INFO: [Synth 8-7075] Helper process launched with PID 372
---------------------------------------------------------------------------------
Starting RTL Elaboration : Time (s): cpu = 00:00:02 ; elapsed = 00:00:07 . Memory (MB): peak = 1383.121 ; gain = 448.273
---------------------------------------------------------------------------------
ERROR: [Synth 8-36] 'addr4bits' is not declared [C:/Users/minde/Ambiente de Trabalho/Proj SD/LAB/2/lab_2/lab_2.srcs/sources_1/new/circuito.vhd:124]
INFO: [Synth 8-11252] unit 'behavioral' is ignored due to previous errors [C:/Users/minde/Ambiente de Trabalho/Proj SD/LAB/2/lab_2/lab_2.srcs/sources_1/new/circuito.vhd:223]
INFO: [Synth 8-10443] VHDL file 'C:/Users/minde/Ambiente de Trabalho/Proj SD/LAB/2/lab_2/lab_2.srcs/sources_1/new/circuito.vhd' is ignored due to errors
INFO: [Synth 8-638] synthesizing module 'circuito' [C:/Users/minde/Ambiente de Trabalho/Proj SD/LAB/2/lab_2/lab_2.srcs/sources_1/new/circuito.vhd:10]
INFO: [Synth 8-256] done synthesizing module 'circuito' (0#1) [C:/Users/minde/Ambiente de Trabalho/Proj SD/LAB/2/lab_2/lab_2.srcs/sources_1/new/circuito.vhd:10]
---------------------------------------------------------------------------------
Finished RTL Elaboration : Time (s): cpu = 00:00:03 ; elapsed = 00:00:10 . Memory (MB): peak = 1492.023 ; gain = 557.176
---------------------------------------------------------------------------------
RTL Elaboration failed
INFO: [Common 17-83] Releasing license: Synthesis
15 Infos, 0 Warnings, 0 Critical Warnings and 2 Errors encountered.
synth_design failed
ERROR: [Common 17-69] Command failed: Synthesis failed - please see the console or run log file for details
INFO: [Common 17-206] Exiting Vivado at Wed Oct  9 19:02:04 2024...
